<?xml version="1.0" encoding="UTF-8"?>
<testsuite name="TaskTest" tests="2" skipped="0" failures="0" errors="0" timestamp="2016-02-16T17:56:33" hostname="epicodus-50.local" time="0.0">
  <properties/>
  <testcase name="Task_intantiatesWithDescription_true" classname="TaskTest" time="0.0"/>
  <testcase name="Task_intantiatesCorrectly_true" classname="TaskTest" time="0.0"/>
  <system-out><![CDATA[]]></system-out>
  <system-err><![CDATA[]]></system-err>
</testsuite>
